Flow report for DE2115
Mon Feb 14 17:15:40 2022
Quartus II 64-Bit Version 13.0.1 Build 232 06/12/2013 Service Pack 1 SJ Full Version


---------------------
; Table of Contents ;
---------------------
  1. Legal Notice
  2. Flow Summary
  3. Flow Settings
  4. Flow Non-Default Global Settings
  5. Flow Elapsed Time
  6. Flow OS Summary
  7. Flow Log
  8. Flow Messages
  9. Flow Suppressed Messages



----------------
; Legal Notice ;
----------------
Copyright (C) 1991-2013 Altera Corporation
Your use of Altera Corporation's design tools, logic functions 
and other software and tools, and its AMPP partner logic 
functions, and any output files from any of the foregoing 
(including device programming or simulation files), and any 
associated documentation or information are expressly subject 
to the terms and conditions of the Altera Program License 
Subscription Agreement, Altera MegaCore Function License 
Agreement, or other applicable license agreement, including, 
without limitation, that your use is for the sole purpose of 
programming logic devices manufactured by Altera and sold by 
Altera or its authorized distributors.  Please refer to the 
applicable agreement for further details.



+---------------------------------------------------------------------------------------+
; Flow Summary                                                                          ;
+------------------------------------+--------------------------------------------------+
; Flow Status                        ; Successful - Mon Feb 14 17:15:40 2022            ;
; Quartus II 64-Bit Version          ; 13.0.1 Build 232 06/12/2013 SP 1 SJ Full Version ;
; Revision Name                      ; DE2115                                           ;
; Top-level Entity Name              ; DE2115                                           ;
; Family                             ; Cyclone IV E                                     ;
; Device                             ; EP4CE115F29C7                                    ;
; Timing Models                      ; Final                                            ;
; Total logic elements               ; 571 / 114,480 ( < 1 % )                          ;
;     Total combinational functions  ; 565 / 114,480 ( < 1 % )                          ;
;     Dedicated logic registers      ; 265 / 114,480 ( < 1 % )                          ;
; Total registers                    ; 265                                              ;
; Total pins                         ; 95 / 529 ( 18 % )                                ;
; Total virtual pins                 ; 0                                                ;
; Total memory bits                  ; 4,096 / 3,981,312 ( < 1 % )                      ;
; Embedded Multiplier 9-bit elements ; 0 / 532 ( 0 % )                                  ;
; Total PLLs                         ; 0 / 4 ( 0 % )                                    ;
+------------------------------------+--------------------------------------------------+


+-----------------------------------------+
; Flow Settings                           ;
+-------------------+---------------------+
; Option            ; Setting             ;
+-------------------+---------------------+
; Start date & time ; 02/14/2022 17:14:36 ;
; Main task         ; Compilation         ;
; Revision Name     ; DE2115              ;
+-------------------+---------------------+


+----------------------------------------------------------------------------------------------------------------------------+
; Flow Non-Default Global Settings                                                                                           ;
+-------------------------------------+---------------------------------------+---------------+-------------+----------------+
; Assignment Name                     ; Value                                 ; Default Value ; Entity Name ; Section Id     ;
+-------------------------------------+---------------------------------------+---------------+-------------+----------------+
; COMPILER_SIGNATURE_ID               ; 255984292777040.164487687518200       ; --            ; --          ; --             ;
; EDA_OUTPUT_DATA_FORMAT              ; Vhdl                                  ; --            ; --          ; eda_simulation ;
; EDA_SIMULATION_TOOL                 ; ModelSim-Altera (VHDL)                ; <None>        ; --          ; --             ;
; IP_TOOL_NAME                        ; ROM: 1-PORT                           ; --            ; --          ; --             ;
; IP_TOOL_VERSION                     ; 13.0                                  ; --            ; --          ; --             ;
; MAX_CORE_JUNCTION_TEMP              ; 85                                    ; --            ; --          ; --             ;
; MIN_CORE_JUNCTION_TEMP              ; 0                                     ; --            ; --          ; --             ;
; MISC_FILE                           ; ROM1PORT.bsf                          ; --            ; --          ; --             ;
; MISC_FILE                           ; ROM1PORT_inst.vhd                     ; --            ; --          ; --             ;
; MISC_FILE                           ; ROM1PORT.inc                          ; --            ; --          ; --             ;
; MISC_FILE                           ; ROM1PORT.cmp                          ; --            ; --          ; --             ;
; PARTITION_COLOR                     ; 16764057                              ; --            ; --          ; Top            ;
; PARTITION_FITTER_PRESERVATION_LEVEL ; PLACEMENT_AND_ROUTING                 ; --            ; --          ; Top            ;
; PARTITION_NETLIST_TYPE              ; SOURCE                                ; --            ; --          ; Top            ;
; POWER_BOARD_THERMAL_MODEL           ; None (CONSERVATIVE)                   ; --            ; --          ; --             ;
; POWER_PRESET_COOLING_SOLUTION       ; 23 MM HEAT SINK WITH 200 LFPM AIRFLOW ; --            ; --          ; --             ;
; PROJECT_OUTPUT_DIRECTORY            ; output_files                          ; --            ; --          ; --             ;
+-------------------------------------+---------------------------------------+---------------+-------------+----------------+


+-------------------------------------------------------------------------------------------------------------------------------+
; Flow Elapsed Time                                                                                                             ;
+---------------------------+--------------+-------------------------+---------------------+------------------------------------+
; Module Name               ; Elapsed Time ; Average Processors Used ; Peak Virtual Memory ; Total CPU Time (on all processors) ;
+---------------------------+--------------+-------------------------+---------------------+------------------------------------+
; Analysis & Synthesis      ; 00:00:10     ; 1.0                     ; 4700 MB             ; 00:00:05                           ;
; Fitter                    ; 00:00:27     ; 3.0                     ; 5860 MB             ; 00:00:43                           ;
; Assembler                 ; 00:00:11     ; 1.0                     ; 4564 MB             ; 00:00:05                           ;
; TimeQuest Timing Analyzer ; 00:00:09     ; 1.0                     ; 4709 MB             ; 00:00:04                           ;
; EDA Netlist Writer        ; 00:00:08     ; 1.0                     ; 4540 MB             ; 00:00:02                           ;
; Total                     ; 00:01:05     ; --                      ; --                  ; 00:00:59                           ;
+---------------------------+--------------+-------------------------+---------------------+------------------------------------+


+----------------------------------------------------------------------------------------+
; Flow OS Summary                                                                        ;
+---------------------------+------------------+-----------+------------+----------------+
; Module Name               ; Machine Hostname ; OS Name   ; OS Version ; Processor type ;
+---------------------------+------------------+-----------+------------+----------------+
; Analysis & Synthesis      ; DESKTOP-0NNGBEI  ; Windows 7 ; 6.2        ; x86_64         ;
; Fitter                    ; DESKTOP-0NNGBEI  ; Windows 7 ; 6.2        ; x86_64         ;
; Assembler                 ; DESKTOP-0NNGBEI  ; Windows 7 ; 6.2        ; x86_64         ;
; TimeQuest Timing Analyzer ; DESKTOP-0NNGBEI  ; Windows 7 ; 6.2        ; x86_64         ;
; EDA Netlist Writer        ; DESKTOP-0NNGBEI  ; Windows 7 ; 6.2        ; x86_64         ;
+---------------------------+------------------+-----------+------------+----------------+


------------
; Flow Log ;
------------
quartus_map --read_settings_files=on --write_settings_files=off DE2115 -c DE2115
quartus_fit --read_settings_files=off --write_settings_files=off DE2115 -c DE2115
quartus_asm --read_settings_files=off --write_settings_files=off DE2115 -c DE2115
quartus_sta DE2115 -c DE2115
quartus_eda --read_settings_files=off --write_settings_files=off DE2115 -c DE2115



