Analysis & Synthesis report for I2C_User
Tue Feb 08 14:47:06 2022
Quartus II 64-Bit Version 13.0.1 Build 232 06/12/2013 Service Pack 1 SJ Full Version


---------------------
; Table of Contents ;
---------------------
  1. Legal Notice
  2. Analysis & Synthesis Summary
  3. Analysis & Synthesis Settings
  4. Parallel Compilation
  5. Analysis & Synthesis Source Files Read
  6. Analysis & Synthesis Resource Usage Summary
  7. Analysis & Synthesis Resource Utilization by Entity
  8. State Machine - |DE2115|I2C_User:Inst_top_level|state
  9. State Machine - |DE2115|I2C_User:Inst_top_level|i2c_master:I2C_Transmit_Read|state
 10. Registers Removed During Synthesis
 11. Removed Registers Triggering Further Register Optimizations
 12. General Register Statistics
 13. Inverted Register Statistics
 14. Multiplexer Restructuring Statistics (Restructuring Performed)
 15. Parameter Settings for User Entity Instance: I2C_User:Inst_top_level
 16. Parameter Settings for User Entity Instance: I2C_User:Inst_top_level|i2c_master:I2C_Transmit_Read
 17. Port Connectivity Checks: "I2C_User:Inst_top_level|i2c_master:I2C_Transmit_Read"
 18. Port Connectivity Checks: "I2C_User:Inst_top_level"
 19. Elapsed Time Per Partition
 20. Analysis & Synthesis Messages



----------------
; Legal Notice ;
----------------
Copyright (C) 1991-2013 Altera Corporation
Your use of Altera Corporation's design tools, logic functions 
and other software and tools, and its AMPP partner logic 
functions, and any output files from any of the foregoing 
(including device programming or simulation files), and any 
associated documentation or information are expressly subject 
to the terms and conditions of the Altera Program License 
Subscription Agreement, Altera MegaCore Function License 
Agreement, or other applicable license agreement, including, 
without limitation, that your use is for the sole purpose of 
programming logic devices manufactured by Altera and sold by 
Altera or its authorized distributors.  Please refer to the 
applicable agreement for further details.



+---------------------------------------------------------------------------------------+
; Analysis & Synthesis Summary                                                          ;
+------------------------------------+--------------------------------------------------+
; Analysis & Synthesis Status        ; Successful - Tue Feb 08 14:47:05 2022            ;
; Quartus II 64-Bit Version          ; 13.0.1 Build 232 06/12/2013 SP 1 SJ Full Version ;
; Revision Name                      ; I2C_User                                         ;
; Top-level Entity Name              ; DE2115                                           ;
; Family                             ; Cyclone IV E                                     ;
; Total logic elements               ; 128                                              ;
;     Total combinational functions  ; 127                                              ;
;     Dedicated logic registers      ; 62                                               ;
; Total registers                    ; 62                                               ;
; Total pins                         ; 142                                              ;
; Total virtual pins                 ; 0                                                ;
; Total memory bits                  ; 0                                                ;
; Embedded Multiplier 9-bit elements ; 0                                                ;
; Total PLLs                         ; 0                                                ;
+------------------------------------+--------------------------------------------------+


+----------------------------------------------------------------------------------------------------------------------+
; Analysis & Synthesis Settings                                                                                        ;
+----------------------------------------------------------------------------+--------------------+--------------------+
; Option                                                                     ; Setting            ; Default Value      ;
+----------------------------------------------------------------------------+--------------------+--------------------+
; Device                                                                     ; EP4CE115F29C7      ;                    ;
; Top-level entity name                                                      ; DE2115             ; I2C_User           ;
; Family name                                                                ; Cyclone IV E       ; Cyclone IV GX      ;
; Use smart compilation                                                      ; Off                ; Off                ;
; Enable parallel Assembler and TimeQuest Timing Analyzer during compilation ; On                 ; On                 ;
; Enable compact report table                                                ; Off                ; Off                ;
; Restructure Multiplexers                                                   ; Auto               ; Auto               ;
; Create Debugging Nodes for IP Cores                                        ; Off                ; Off                ;
; Preserve fewer node names                                                  ; On                 ; On                 ;
; Disable OpenCore Plus hardware evaluation                                  ; Off                ; Off                ;
; Verilog Version                                                            ; Verilog_2001       ; Verilog_2001       ;
; VHDL Version                                                               ; VHDL_1993          ; VHDL_1993          ;
; State Machine Processing                                                   ; Auto               ; Auto               ;
; Safe State Machine                                                         ; Off                ; Off                ;
; Extract Verilog State Machines                                             ; On                 ; On                 ;
; Extract VHDL State Machines                                                ; On                 ; On                 ;
; Ignore Verilog initial constructs                                          ; Off                ; Off                ;
; Iteration limit for constant Verilog loops                                 ; 5000               ; 5000               ;
; Iteration limit for non-constant Verilog loops                             ; 250                ; 250                ;
; Add Pass-Through Logic to Inferred RAMs                                    ; On                 ; On                 ;
; Infer RAMs from Raw Logic                                                  ; On                 ; On                 ;
; Parallel Synthesis                                                         ; On                 ; On                 ;
; DSP Block Balancing                                                        ; Auto               ; Auto               ;
; NOT Gate Push-Back                                                         ; On                 ; On                 ;
; Power-Up Don't Care                                                        ; On                 ; On                 ;
; Remove Redundant Logic Cells                                               ; Off                ; Off                ;
; Remove Duplicate Registers                                                 ; On                 ; On                 ;
; Ignore CARRY Buffers                                                       ; Off                ; Off                ;
; Ignore CASCADE Buffers                                                     ; Off                ; Off                ;
; Ignore GLOBAL Buffers                                                      ; Off                ; Off                ;
; Ignore ROW GLOBAL Buffers                                                  ; Off                ; Off                ;
; Ignore LCELL Buffers                                                       ; Off                ; Off                ;
; Ignore SOFT Buffers                                                        ; On                 ; On                 ;
; Limit AHDL Integers to 32 Bits                                             ; Off                ; Off                ;
; Optimization Technique                                                     ; Balanced           ; Balanced           ;
; Carry Chain Length                                                         ; 70                 ; 70                 ;
; Auto Carry Chains                                                          ; On                 ; On                 ;
; Auto Open-Drain Pins                                                       ; On                 ; On                 ;
; Perform WYSIWYG Primitive Resynthesis                                      ; Off                ; Off                ;
; Auto ROM Replacement                                                       ; On                 ; On                 ;
; Auto RAM Replacement                                                       ; On                 ; On                 ;
; Auto DSP Block Replacement                                                 ; On                 ; On                 ;
; Auto Shift Register Replacement                                            ; Auto               ; Auto               ;
; Allow Shift Register Merging across Hierarchies                            ; Auto               ; Auto               ;
; Auto Clock Enable Replacement                                              ; On                 ; On                 ;
; Strict RAM Replacement                                                     ; Off                ; Off                ;
; Allow Synchronous Control Signals                                          ; On                 ; On                 ;
; Force Use of Synchronous Clear Signals                                     ; Off                ; Off                ;
; Auto RAM Block Balancing                                                   ; On                 ; On                 ;
; Auto RAM to Logic Cell Conversion                                          ; Off                ; Off                ;
; Auto Resource Sharing                                                      ; Off                ; Off                ;
; Allow Any RAM Size For Recognition                                         ; Off                ; Off                ;
; Allow Any ROM Size For Recognition                                         ; Off                ; Off                ;
; Allow Any Shift Register Size For Recognition                              ; Off                ; Off                ;
; Use LogicLock Constraints during Resource Balancing                        ; On                 ; On                 ;
; Ignore translate_off and synthesis_off directives                          ; Off                ; Off                ;
; Timing-Driven Synthesis                                                    ; On                 ; On                 ;
; Report Parameter Settings                                                  ; On                 ; On                 ;
; Report Source Assignments                                                  ; On                 ; On                 ;
; Report Connectivity Checks                                                 ; On                 ; On                 ;
; Ignore Maximum Fan-Out Assignments                                         ; Off                ; Off                ;
; Synchronization Register Chain Length                                      ; 2                  ; 2                  ;
; PowerPlay Power Optimization                                               ; Normal compilation ; Normal compilation ;
; HDL message level                                                          ; Level2             ; Level2             ;
; Suppress Register Optimization Related Messages                            ; Off                ; Off                ;
; Number of Removed Registers Reported in Synthesis Report                   ; 5000               ; 5000               ;
; Number of Swept Nodes Reported in Synthesis Report                         ; 5000               ; 5000               ;
; Number of Inverted Registers Reported in Synthesis Report                  ; 100                ; 100                ;
; Clock MUX Protection                                                       ; On                 ; On                 ;
; Auto Gated Clock Conversion                                                ; Off                ; Off                ;
; Block Design Naming                                                        ; Auto               ; Auto               ;
; SDC constraint protection                                                  ; Off                ; Off                ;
; Synthesis Effort                                                           ; Auto               ; Auto               ;
; Shift Register Replacement - Allow Asynchronous Clear Signal               ; On                 ; On                 ;
; Pre-Mapping Resynthesis Optimization                                       ; Off                ; Off                ;
; Analysis & Synthesis Message Level                                         ; Medium             ; Medium             ;
; Disable Register Merging Across Hierarchies                                ; Auto               ; Auto               ;
; Resource Aware Inference For Block RAM                                     ; On                 ; On                 ;
; Synthesis Seed                                                             ; 1                  ; 1                  ;
+----------------------------------------------------------------------------+--------------------+--------------------+


+------------------------------------------+
; Parallel Compilation                     ;
+----------------------------+-------------+
; Processors                 ; Number      ;
+----------------------------+-------------+
; Number detected on machine ; 8           ;
; Maximum allowed            ; 8           ;
;                            ;             ;
; Average used               ; 1.00        ;
; Maximum used               ; 1           ;
;                            ;             ;
; Usage by Processor         ; % Time Used ;
;     Processor 1            ; 100.0%      ;
;     Processors 2-8         ;   0.0%      ;
+----------------------------+-------------+


+----------------------------------------------------------------------------------------------------------------------------------------------+
; Analysis & Synthesis Source Files Read                                                                                                       ;
+----------------------------------+-----------------+-----------------+-------------------------------------------------------------+---------+
; File Name with User-Entered Path ; Used in Netlist ; File Type       ; File Name with Absolute Path                                ; Library ;
+----------------------------------+-----------------+-----------------+-------------------------------------------------------------+---------+
; I2C_User.vhd                     ; yes             ; User VHDL File  ; C:/Users/sixpe/Documents/quartus/EE316P2/I2C/I2C_User.vhd   ;         ;
; I2C_Master.vhd                   ; yes             ; User VHDL File  ; C:/Users/sixpe/Documents/quartus/EE316P2/I2C/I2C_Master.vhd ;         ;
; DE2115.vhd                       ; yes             ; User VHDL File  ; C:/Users/sixpe/Documents/quartus/EE316P2/I2C/DE2115.vhd     ;         ;
+----------------------------------+-----------------+-----------------+-------------------------------------------------------------+---------+


+--------------------------------------------------------------+
; Analysis & Synthesis Resource Usage Summary                  ;
+---------------------------------------------+----------------+
; Resource                                    ; Usage          ;
+---------------------------------------------+----------------+
; Estimated Total logic elements              ; 128            ;
;                                             ;                ;
; Total combinational functions               ; 127            ;
; Logic element usage by number of LUT inputs ;                ;
;     -- 4 input functions                    ; 60             ;
;     -- 3 input functions                    ; 14             ;
;     -- <=2 input functions                  ; 53             ;
;                                             ;                ;
; Logic elements by mode                      ;                ;
;     -- normal mode                          ; 99             ;
;     -- arithmetic mode                      ; 28             ;
;                                             ;                ;
; Total registers                             ; 62             ;
;     -- Dedicated logic registers            ; 62             ;
;     -- I/O registers                        ; 0              ;
;                                             ;                ;
; I/O pins                                    ; 142            ;
; Embedded Multiplier 9-bit elements          ; 0              ;
; Maximum fan-out node                        ; CLOCK_50~input ;
; Maximum fan-out                             ; 62             ;
; Total fan-out                               ; 788            ;
; Average fan-out                             ; 1.55           ;
+---------------------------------------------+----------------+


+--------------------------------------------------------------------------------------------------------------------------------------------------------------------------------------------------------------------------------+
; Analysis & Synthesis Resource Utilization by Entity                                                                                                                                                                            ;
+--------------------------------------+-------------------+--------------+-------------+--------------+---------+-----------+------+--------------+--------------------------------------------------------------+--------------+
; Compilation Hierarchy Node           ; LC Combinationals ; LC Registers ; Memory Bits ; DSP Elements ; DSP 9x9 ; DSP 18x18 ; Pins ; Virtual Pins ; Full Hierarchy Name                                          ; Library Name ;
+--------------------------------------+-------------------+--------------+-------------+--------------+---------+-----------+------+--------------+--------------------------------------------------------------+--------------+
; |DE2115                              ; 127 (0)           ; 62 (0)       ; 0           ; 0            ; 0       ; 0         ; 142  ; 0            ; |DE2115                                                      ; work         ;
;    |I2C_User:Inst_top_level|         ; 127 (42)          ; 62 (27)      ; 0           ; 0            ; 0       ; 0         ; 0    ; 0            ; |DE2115|I2C_User:Inst_top_level                              ; work         ;
;       |i2c_master:I2C_Transmit_Read| ; 85 (85)           ; 35 (35)      ; 0           ; 0            ; 0       ; 0         ; 0    ; 0            ; |DE2115|I2C_User:Inst_top_level|i2c_master:I2C_Transmit_Read ; work         ;
+--------------------------------------+-------------------+--------------+-------------+--------------+---------+-----------+------+--------------+--------------------------------------------------------------+--------------+
Note: For table entries with two numbers listed, the numbers in parentheses indicate the number of resources of the given type used by the specific entity alone. The numbers listed outside of parentheses indicate the total resources of the given type used by the specific entity and all of its sub-entities in the hierarchy.


Encoding Type:  One-Hot
+----------------------------------------------------------------------+
; State Machine - |DE2115|I2C_User:Inst_top_level|state                ;
+------------------+------------------+------------------+-------------+
; Name             ; state.busy_state ; state.write_data ; state.start ;
+------------------+------------------+------------------+-------------+
; state.start      ; 0                ; 0                ; 0           ;
; state.write_data ; 0                ; 1                ; 1           ;
; state.busy_state ; 1                ; 0                ; 1           ;
+------------------+------------------+------------------+-------------+


Encoding Type:  One-Hot
+--------------------------------------------------------------------------------------------------------------------------------------------------+
; State Machine - |DE2115|I2C_User:Inst_top_level|i2c_master:I2C_Transmit_Read|state                                                               ;
+----------------+------------+----------------+----------------+----------+----------+----------------+---------------+-------------+-------------+
; Name           ; state.stop ; state.mstr_ack ; state.slv_ack2 ; state.rd ; state.wr ; state.slv_ack1 ; state.command ; state.start ; state.ready ;
+----------------+------------+----------------+----------------+----------+----------+----------------+---------------+-------------+-------------+
; state.ready    ; 0          ; 0              ; 0              ; 0        ; 0        ; 0              ; 0             ; 0           ; 0           ;
; state.start    ; 0          ; 0              ; 0              ; 0        ; 0        ; 0              ; 0             ; 1           ; 1           ;
; state.command  ; 0          ; 0              ; 0              ; 0        ; 0        ; 0              ; 1             ; 0           ; 1           ;
; state.slv_ack1 ; 0          ; 0              ; 0              ; 0        ; 0        ; 1              ; 0             ; 0           ; 1           ;
; state.wr       ; 0          ; 0              ; 0              ; 0        ; 1        ; 0              ; 0             ; 0           ; 1           ;
; state.rd       ; 0          ; 0              ; 0              ; 1        ; 0        ; 0              ; 0             ; 0           ; 1           ;
; state.slv_ack2 ; 0          ; 0              ; 1              ; 0        ; 0        ; 0              ; 0             ; 0           ; 1           ;
; state.mstr_ack ; 0          ; 1              ; 0              ; 0        ; 0        ; 0              ; 0             ; 0           ; 1           ;
; state.stop     ; 1          ; 0              ; 0              ; 0        ; 0        ; 0              ; 0             ; 0           ; 1           ;
+----------------+------------+----------------+----------------+----------+----------+----------------+---------------+-------------+-------------+


+--------------------------------------------------------------------------------------------------------------------------------------------------+
; Registers Removed During Synthesis                                                                                                               ;
+--------------------------------------------------------------------+-----------------------------------------------------------------------------+
; Register name                                                      ; Reason for Removal                                                          ;
+--------------------------------------------------------------------+-----------------------------------------------------------------------------+
; I2C_User:Inst_top_level|rw                                         ; Stuck at GND due to stuck port data_in                                      ;
; I2C_User:Inst_top_level|i2c_master:I2C_Transmit_Read|addr_rw[5..7] ; Merged with I2C_User:Inst_top_level|i2c_master:I2C_Transmit_Read|addr_rw[1] ;
; I2C_User:Inst_top_level|i2c_master:I2C_Transmit_Read|addr_rw[2..4] ; Merged with I2C_User:Inst_top_level|i2c_master:I2C_Transmit_Read|addr_rw[0] ;
; I2C_User:Inst_top_level|i2c_master:I2C_Transmit_Read|addr_rw[0]    ; Stuck at GND due to stuck port data_in                                      ;
; I2C_User:Inst_top_level|i2c_master:I2C_Transmit_Read|addr_rw[1]    ; Stuck at VCC due to stuck port data_in                                      ;
; I2C_User:Inst_top_level|state.busy_state                           ; Lost fanout                                                                 ;
; I2C_User:Inst_top_level|i2c_master:I2C_Transmit_Read|data_tx[5,6]  ; Merged with I2C_User:Inst_top_level|i2c_master:I2C_Transmit_Read|data_tx[4] ;
; Total Number of Removed Registers = 12                             ;                                                                             ;
+--------------------------------------------------------------------+-----------------------------------------------------------------------------+


+--------------------------------------------------------------------------------------------------------------------------+
; Removed Registers Triggering Further Register Optimizations                                                              ;
+----------------------------+---------------------------+-----------------------------------------------------------------+
; Register name              ; Reason for Removal        ; Registers Removed due to This Register                          ;
+----------------------------+---------------------------+-----------------------------------------------------------------+
; I2C_User:Inst_top_level|rw ; Stuck at GND              ; I2C_User:Inst_top_level|i2c_master:I2C_Transmit_Read|addr_rw[0] ;
;                            ; due to stuck port data_in ;                                                                 ;
+----------------------------+---------------------------+-----------------------------------------------------------------+


+------------------------------------------------------+
; General Register Statistics                          ;
+----------------------------------------------+-------+
; Statistic                                    ; Value ;
+----------------------------------------------+-------+
; Total registers                              ; 62    ;
; Number of registers using Synchronous Clear  ; 0     ;
; Number of registers using Synchronous Load   ; 0     ;
; Number of registers using Asynchronous Clear ; 53    ;
; Number of registers using Asynchronous Load  ; 0     ;
; Number of registers using Clock Enable       ; 46    ;
; Number of registers using Preset             ; 0     ;
+----------------------------------------------+-------+


+---------------------------------------------------------------------------+
; Inverted Register Statistics                                              ;
+-----------------------------------------------------------------+---------+
; Inverted Register                                               ; Fan out ;
+-----------------------------------------------------------------+---------+
; I2C_User:Inst_top_level|count[1]                                ; 2       ;
; I2C_User:Inst_top_level|count[2]                                ; 2       ;
; I2C_User:Inst_top_level|count[3]                                ; 2       ;
; I2C_User:Inst_top_level|count[4]                                ; 2       ;
; I2C_User:Inst_top_level|count[5]                                ; 2       ;
; I2C_User:Inst_top_level|count[6]                                ; 2       ;
; I2C_User:Inst_top_level|count[7]                                ; 2       ;
; I2C_User:Inst_top_level|count[8]                                ; 2       ;
; I2C_User:Inst_top_level|count[9]                                ; 2       ;
; I2C_User:Inst_top_level|count[10]                               ; 2       ;
; I2C_User:Inst_top_level|count[11]                               ; 2       ;
; I2C_User:Inst_top_level|count[12]                               ; 2       ;
; I2C_User:Inst_top_level|count[13]                               ; 2       ;
; I2C_User:Inst_top_level|i2c_master:I2C_Transmit_Read|sda_int    ; 2       ;
; I2C_User:Inst_top_level|i2c_master:I2C_Transmit_Read|bit_cnt[2] ; 11      ;
; I2C_User:Inst_top_level|i2c_master:I2C_Transmit_Read|bit_cnt[1] ; 16      ;
; I2C_User:Inst_top_level|i2c_master:I2C_Transmit_Read|bit_cnt[0] ; 15      ;
; I2C_User:Inst_top_level|count[0]                                ; 3       ;
; I2C_User:Inst_top_level|i2c_master:I2C_Transmit_Read|busy       ; 3       ;
; Total number of inverted registers = 19                         ;         ;
+-----------------------------------------------------------------+---------+


+---------------------------------------------------------------------------------------------------------------------------------------------------------------------------------------+
; Multiplexer Restructuring Statistics (Restructuring Performed)                                                                                                                        ;
+--------------------+-----------+---------------+----------------------+------------------------+------------+-------------------------------------------------------------------------+
; Multiplexer Inputs ; Bus Width ; Baseline Area ; Area if Restructured ; Saving if Restructured ; Registered ; Example Multiplexer Output                                              ;
+--------------------+-----------+---------------+----------------------+------------------------+------------+-------------------------------------------------------------------------+
; 3:1                ; 8 bits    ; 16 LEs        ; 0 LEs                ; 16 LEs                 ; Yes        ; |DE2115|I2C_User:Inst_top_level|i2c_master:I2C_Transmit_Read|data_tx[4] ;
; 3:1                ; 3 bits    ; 6 LEs         ; 3 LEs                ; 3 LEs                  ; Yes        ; |DE2115|I2C_User:Inst_top_level|i2c_master:I2C_Transmit_Read|bit_cnt[2] ;
+--------------------+-----------+---------------+----------------------+------------------------+------------+-------------------------------------------------------------------------+


+----------------------------------------------------------------------+
; Parameter Settings for User Entity Instance: I2C_User:Inst_top_level ;
+----------------+----------------------+------------------------------+
; Parameter Name ; Value                ; Type                         ;
+----------------+----------------------+------------------------------+
; delay          ; 00000011111111111111 ; Unsigned Binary              ;
; input_clk      ; 50000000             ; Signed Integer               ;
; bus_clk        ; 50000                ; Signed Integer               ;
+----------------+----------------------+------------------------------+
Note: In order to hide this table in the UI and the text report file, please set the "Show Parameter Settings in Synthesis Report" option in "Analysis and Synthesis Settings -> More Settings" to "Off".


+---------------------------------------------------------------------------------------------------+
; Parameter Settings for User Entity Instance: I2C_User:Inst_top_level|i2c_master:I2C_Transmit_Read ;
+----------------+----------+-----------------------------------------------------------------------+
; Parameter Name ; Value    ; Type                                                                  ;
+----------------+----------+-----------------------------------------------------------------------+
; input_clk      ; 50000000 ; Signed Integer                                                        ;
; bus_clk        ; 50000    ; Signed Integer                                                        ;
+----------------+----------+-----------------------------------------------------------------------+
Note: In order to hide this table in the UI and the text report file, please set the "Show Parameter Settings in Synthesis Report" option in "Analysis and Synthesis Settings -> More Settings" to "Off".


+----------------------------------------------------------------------------------------------------------------------+
; Port Connectivity Checks: "I2C_User:Inst_top_level|i2c_master:I2C_Transmit_Read"                                     ;
+------------+--------+----------+-------------------------------------------------------------------------------------+
; Port       ; Type   ; Severity ; Details                                                                             ;
+------------+--------+----------+-------------------------------------------------------------------------------------+
; addr[6..4] ; Input  ; Info     ; Stuck at VCC                                                                        ;
; addr[3..1] ; Input  ; Info     ; Stuck at GND                                                                        ;
; addr[0]    ; Input  ; Info     ; Stuck at VCC                                                                        ;
; data_rd    ; Output ; Info     ; Connected to dangling logic. Logic that only feeds a dangling port will be removed. ;
; ack_error  ; Output ; Info     ; Connected to dangling logic. Logic that only feeds a dangling port will be removed. ;
+------------+--------+----------+-------------------------------------------------------------------------------------+


+-----------------------------------------------------+
; Port Connectivity Checks: "I2C_User:Inst_top_level" ;
+--------------+-------+----------+-------------------+
; Port         ; Type  ; Severity ; Details           ;
+--------------+-------+----------+-------------------+
; data_i[9..6] ; Input ; Info     ; Stuck at VCC      ;
; data_i[3..2] ; Input ; Info     ; Stuck at VCC      ;
; data_i[5..4] ; Input ; Info     ; Stuck at GND      ;
; data_i[15]   ; Input ; Info     ; Stuck at VCC      ;
; data_i[14]   ; Input ; Info     ; Stuck at GND      ;
; data_i[13]   ; Input ; Info     ; Stuck at VCC      ;
; data_i[12]   ; Input ; Info     ; Stuck at GND      ;
; data_i[11]   ; Input ; Info     ; Stuck at VCC      ;
; data_i[10]   ; Input ; Info     ; Stuck at GND      ;
; data_i[1]    ; Input ; Info     ; Stuck at GND      ;
; data_i[0]    ; Input ; Info     ; Stuck at VCC      ;
+--------------+-------+----------+-------------------+


+-------------------------------+
; Elapsed Time Per Partition    ;
+----------------+--------------+
; Partition Name ; Elapsed Time ;
+----------------+--------------+
; Top            ; 00:00:01     ;
+----------------+--------------+


+-------------------------------+
; Analysis & Synthesis Messages ;
+-------------------------------+
Info: *******************************************************************
Info: Running Quartus II 64-Bit Analysis & Synthesis
    Info: Version 13.0.1 Build 232 06/12/2013 Service Pack 1 SJ Full Version
    Info: Processing started: Tue Feb 08 14:46:56 2022
Info: Command: quartus_map --read_settings_files=on --write_settings_files=off I2C -c I2C_User
Info (20030): Parallel compilation is enabled and will use 8 of the 8 processors detected
Info (12021): Found 2 design units, including 1 entities, in source file i2c_user_tb.vhd
    Info (12022): Found design unit 1: I2C_User_tb-Behavioral
    Info (12023): Found entity 1: I2C_User_tb
Info (12021): Found 2 design units, including 1 entities, in source file i2c_user.vhd
    Info (12022): Found design unit 1: i2c_user-logic
    Info (12023): Found entity 1: I2C_User
Info (12021): Found 2 design units, including 1 entities, in source file i2c_master.vhd
    Info (12022): Found design unit 1: i2c_master-logic
    Info (12023): Found entity 1: i2c_master
Info (12021): Found 2 design units, including 1 entities, in source file de2115.vhd
    Info (12022): Found design unit 1: DE2115-structural
    Info (12023): Found entity 1: DE2115
Info (12127): Elaborating entity "DE2115" for the top level hierarchy
Warning (10540): VHDL Signal Declaration warning at DE2115.vhd(14): used explicit default value for signal "HEX0" because signal was never assigned a value
Warning (10540): VHDL Signal Declaration warning at DE2115.vhd(15): used explicit default value for signal "HEX1" because signal was never assigned a value
Warning (10540): VHDL Signal Declaration warning at DE2115.vhd(16): used explicit default value for signal "HEX2" because signal was never assigned a value
Warning (10540): VHDL Signal Declaration warning at DE2115.vhd(17): used explicit default value for signal "HEX3" because signal was never assigned a value
Warning (10540): VHDL Signal Declaration warning at DE2115.vhd(18): used explicit default value for signal "HEX4" because signal was never assigned a value
Warning (10540): VHDL Signal Declaration warning at DE2115.vhd(19): used explicit default value for signal "HEX5" because signal was never assigned a value
Warning (10540): VHDL Signal Declaration warning at DE2115.vhd(20): used explicit default value for signal "HEX6" because signal was never assigned a value
Warning (10540): VHDL Signal Declaration warning at DE2115.vhd(21): used explicit default value for signal "HEX7" because signal was never assigned a value
Warning (10540): VHDL Signal Declaration warning at DE2115.vhd(23): used explicit default value for signal "LEDG" because signal was never assigned a value
Info (12128): Elaborating entity "I2C_User" for hierarchy "I2C_User:Inst_top_level"
Warning (10541): VHDL Signal Declaration warning at I2C_User.vhd(16): used implicit default value for signal "data_o" because signal was never assigned a value or an explicit default value. Use of implicit default value may introduce unintended design optimizations.
Warning (10540): VHDL Signal Declaration warning at I2C_User.vhd(51): used explicit default value for signal "addr_reg" because signal was never assigned a value
Warning (10036): Verilog HDL or VHDL warning at I2C_User.vhd(60): object "data_rd" assigned a value but never read
Warning (10492): VHDL Process Statement warning at I2C_User.vhd(94): signal "data_i" is read inside the Process Statement but isn't in the Process Statement's sensitivity list
Warning (10492): VHDL Process Statement warning at I2C_User.vhd(95): signal "data_i" is read inside the Process Statement but isn't in the Process Statement's sensitivity list
Warning (10492): VHDL Process Statement warning at I2C_User.vhd(96): signal "data_i" is read inside the Process Statement but isn't in the Process Statement's sensitivity list
Warning (10492): VHDL Process Statement warning at I2C_User.vhd(97): signal "data_i" is read inside the Process Statement but isn't in the Process Statement's sensitivity list
Info (12128): Elaborating entity "i2c_master" for hierarchy "I2C_User:Inst_top_level|i2c_master:I2C_Transmit_Read"
Warning (13039): The following bidir pins have no drivers
    Warning (13040): Bidir "GPIO[2]" has no driver
    Warning (13040): Bidir "GPIO[3]" has no driver
    Warning (13040): Bidir "GPIO[4]" has no driver
    Warning (13040): Bidir "GPIO[5]" has no driver
    Warning (13040): Bidir "GPIO[6]" has no driver
    Warning (13040): Bidir "GPIO[7]" has no driver
    Warning (13040): Bidir "GPIO[8]" has no driver
    Warning (13040): Bidir "GPIO[9]" has no driver
    Warning (13040): Bidir "GPIO[10]" has no driver
    Warning (13040): Bidir "GPIO[11]" has no driver
    Warning (13040): Bidir "GPIO[12]" has no driver
    Warning (13040): Bidir "GPIO[13]" has no driver
    Warning (13040): Bidir "GPIO[14]" has no driver
    Warning (13040): Bidir "GPIO[15]" has no driver
    Warning (13040): Bidir "GPIO[16]" has no driver
    Warning (13040): Bidir "GPIO[17]" has no driver
    Warning (13040): Bidir "GPIO[18]" has no driver
    Warning (13040): Bidir "GPIO[19]" has no driver
    Warning (13040): Bidir "GPIO[20]" has no driver
    Warning (13040): Bidir "GPIO[21]" has no driver
    Warning (13040): Bidir "GPIO[22]" has no driver
    Warning (13040): Bidir "GPIO[23]" has no driver
    Warning (13040): Bidir "GPIO[24]" has no driver
    Warning (13040): Bidir "GPIO[25]" has no driver
    Warning (13040): Bidir "GPIO[26]" has no driver
    Warning (13040): Bidir "GPIO[27]" has no driver
    Warning (13040): Bidir "GPIO[28]" has no driver
    Warning (13040): Bidir "GPIO[29]" has no driver
    Warning (13040): Bidir "GPIO[30]" has no driver
    Warning (13040): Bidir "GPIO[31]" has no driver
    Warning (13040): Bidir "GPIO[32]" has no driver
    Warning (13040): Bidir "GPIO[33]" has no driver
    Warning (13040): Bidir "GPIO[34]" has no driver
    Warning (13040): Bidir "GPIO[35]" has no driver
Info (13000): Registers with preset signals will power-up high
Info (13003): DEV_CLRn pin will set, and not reset, register with preset signal due to NOT Gate Push-Back
Warning (13024): Output pins are stuck at VCC or GND
    Warning (13410): Pin "HEX0[0]" is stuck at VCC
    Warning (13410): Pin "HEX0[1]" is stuck at VCC
    Warning (13410): Pin "HEX0[2]" is stuck at VCC
    Warning (13410): Pin "HEX0[3]" is stuck at VCC
    Warning (13410): Pin "HEX0[4]" is stuck at VCC
    Warning (13410): Pin "HEX0[5]" is stuck at VCC
    Warning (13410): Pin "HEX0[6]" is stuck at VCC
    Warning (13410): Pin "HEX1[0]" is stuck at VCC
    Warning (13410): Pin "HEX1[1]" is stuck at VCC
    Warning (13410): Pin "HEX1[2]" is stuck at VCC
    Warning (13410): Pin "HEX1[3]" is stuck at VCC
    Warning (13410): Pin "HEX1[4]" is stuck at VCC
    Warning (13410): Pin "HEX1[5]" is stuck at VCC
    Warning (13410): Pin "HEX1[6]" is stuck at VCC
    Warning (13410): Pin "HEX2[0]" is stuck at VCC
    Warning (13410): Pin "HEX2[1]" is stuck at VCC
    Warning (13410): Pin "HEX2[2]" is stuck at VCC
    Warning (13410): Pin "HEX2[3]" is stuck at VCC
    Warning (13410): Pin "HEX2[4]" is stuck at VCC
    Warning (13410): Pin "HEX2[5]" is stuck at VCC
    Warning (13410): Pin "HEX2[6]" is stuck at VCC
    Warning (13410): Pin "HEX3[0]" is stuck at VCC
    Warning (13410): Pin "HEX3[1]" is stuck at VCC
    Warning (13410): Pin "HEX3[2]" is stuck at VCC
    Warning (13410): Pin "HEX3[3]" is stuck at VCC
    Warning (13410): Pin "HEX3[4]" is stuck at VCC
    Warning (13410): Pin "HEX3[5]" is stuck at VCC
    Warning (13410): Pin "HEX3[6]" is stuck at VCC
    Warning (13410): Pin "HEX4[0]" is stuck at VCC
    Warning (13410): Pin "HEX4[1]" is stuck at VCC
    Warning (13410): Pin "HEX4[2]" is stuck at VCC
    Warning (13410): Pin "HEX4[3]" is stuck at VCC
    Warning (13410): Pin "HEX4[4]" is stuck at VCC
    Warning (13410): Pin "HEX4[5]" is stuck at VCC
    Warning (13410): Pin "HEX4[6]" is stuck at VCC
    Warning (13410): Pin "HEX5[0]" is stuck at VCC
    Warning (13410): Pin "HEX5[1]" is stuck at VCC
    Warning (13410): Pin "HEX5[2]" is stuck at VCC
    Warning (13410): Pin "HEX5[3]" is stuck at VCC
    Warning (13410): Pin "HEX5[4]" is stuck at VCC
    Warning (13410): Pin "HEX5[5]" is stuck at VCC
    Warning (13410): Pin "HEX5[6]" is stuck at VCC
    Warning (13410): Pin "HEX6[0]" is stuck at VCC
    Warning (13410): Pin "HEX6[1]" is stuck at VCC
    Warning (13410): Pin "HEX6[2]" is stuck at VCC
    Warning (13410): Pin "HEX6[3]" is stuck at VCC
    Warning (13410): Pin "HEX6[4]" is stuck at VCC
    Warning (13410): Pin "HEX6[5]" is stuck at VCC
    Warning (13410): Pin "HEX6[6]" is stuck at VCC
    Warning (13410): Pin "HEX7[0]" is stuck at VCC
    Warning (13410): Pin "HEX7[1]" is stuck at VCC
    Warning (13410): Pin "HEX7[2]" is stuck at VCC
    Warning (13410): Pin "HEX7[3]" is stuck at VCC
    Warning (13410): Pin "HEX7[4]" is stuck at VCC
    Warning (13410): Pin "HEX7[5]" is stuck at VCC
    Warning (13410): Pin "HEX7[6]" is stuck at VCC
    Warning (13410): Pin "LEDG[0]" is stuck at GND
    Warning (13410): Pin "LEDG[1]" is stuck at GND
    Warning (13410): Pin "LEDG[2]" is stuck at GND
    Warning (13410): Pin "LEDG[3]" is stuck at GND
    Warning (13410): Pin "LEDG[4]" is stuck at GND
    Warning (13410): Pin "LEDG[5]" is stuck at GND
    Warning (13410): Pin "LEDG[6]" is stuck at GND
    Warning (13410): Pin "LEDG[7]" is stuck at GND
    Warning (13410): Pin "LEDG[8]" is stuck at GND
    Warning (13410): Pin "LEDR[0]" is stuck at GND
    Warning (13410): Pin "LEDR[1]" is stuck at GND
    Warning (13410): Pin "LEDR[2]" is stuck at GND
    Warning (13410): Pin "LEDR[3]" is stuck at GND
    Warning (13410): Pin "LEDR[4]" is stuck at GND
    Warning (13410): Pin "LEDR[5]" is stuck at GND
    Warning (13410): Pin "LEDR[6]" is stuck at GND
    Warning (13410): Pin "LEDR[7]" is stuck at GND
    Warning (13410): Pin "LEDR[8]" is stuck at GND
    Warning (13410): Pin "LEDR[9]" is stuck at GND
    Warning (13410): Pin "LEDR[10]" is stuck at GND
    Warning (13410): Pin "LEDR[11]" is stuck at GND
    Warning (13410): Pin "LEDR[12]" is stuck at GND
    Warning (13410): Pin "LEDR[13]" is stuck at GND
    Warning (13410): Pin "LEDR[14]" is stuck at GND
    Warning (13410): Pin "LEDR[15]" is stuck at GND
    Warning (13410): Pin "LEDR[16]" is stuck at GND
    Warning (13410): Pin "LEDR[17]" is stuck at GND
Info (286030): Timing-Driven Synthesis is running
Info (17049): 1 registers lost all their fanouts during netlist optimizations.
Info (16010): Generating hard_block partition "hard_block:auto_generated_inst"
    Info (16011): Adding 0 node(s), including 0 DDIO, 0 PLL, 0 transceiver and 0 LCELL
Warning (21074): Design contains 21 input pin(s) that do not drive logic
    Warning (15610): No output dependent on input pin "KEY[1]"
    Warning (15610): No output dependent on input pin "KEY[2]"
    Warning (15610): No output dependent on input pin "KEY[3]"
    Warning (15610): No output dependent on input pin "SW[0]"
    Warning (15610): No output dependent on input pin "SW[1]"
    Warning (15610): No output dependent on input pin "SW[2]"
    Warning (15610): No output dependent on input pin "SW[3]"
    Warning (15610): No output dependent on input pin "SW[4]"
    Warning (15610): No output dependent on input pin "SW[5]"
    Warning (15610): No output dependent on input pin "SW[6]"
    Warning (15610): No output dependent on input pin "SW[7]"
    Warning (15610): No output dependent on input pin "SW[8]"
    Warning (15610): No output dependent on input pin "SW[9]"
    Warning (15610): No output dependent on input pin "SW[10]"
    Warning (15610): No output dependent on input pin "SW[11]"
    Warning (15610): No output dependent on input pin "SW[12]"
    Warning (15610): No output dependent on input pin "SW[13]"
    Warning (15610): No output dependent on input pin "SW[14]"
    Warning (15610): No output dependent on input pin "SW[15]"
    Warning (15610): No output dependent on input pin "SW[16]"
    Warning (15610): No output dependent on input pin "SW[17]"
Info (21057): Implemented 283 device resources after synthesis - the final resource count might be different
    Info (21058): Implemented 23 input pins
    Info (21059): Implemented 83 output pins
    Info (21060): Implemented 36 bidirectional pins
    Info (21061): Implemented 141 logic cells
Info: Quartus II 64-Bit Analysis & Synthesis was successful. 0 errors, 157 warnings
    Info: Peak virtual memory: 4668 megabytes
    Info: Processing ended: Tue Feb 08 14:47:06 2022
    Info: Elapsed time: 00:00:10
    Info: Total CPU time (on all processors): 00:00:05


